This users have been notified: 

I have notified t.ghisu@unica.it for sector 10/F3 
I have notified t.ghisu@unica.it for sector 10/N1 
I have notified t.ghisu@unica.it for sector 12/G1 
I have notified t.ghisu@unica.it for sector 11/C3 
I have notified t.ghisu@unica.it for sector 02/C1 
I have notified t.ghisu@unica.it for sector 09/C1 
 s
I have notified t.ghisu@unica.it for sector 02/A1 
I have notified t.ghisu@unica.it for sector 09/A2 
I have notified t.ghisu@unica.it for sector 10/B1 
I have notified t.ghisu@unica.it for sector 04/A3 
I have notified t.ghisu@unica.it for sector 05/A2 
I have notified t.ghisu@unica.it for sector 05/C1 
I have notified t.ghisu@unica.it for sector 13/B1 
I have notified t.ghisu@unica.it for sector 13/B2 
I have notified t.ghisu@unica.it for sector 13/B3 
I have notified t.ghisu@unica.it for sector 13/D1 
I have notified t.ghisu@unica.it for sector 13/D3 
I have notified t.ghisu@unica.it for sector 14/C1 
I have notified t.ghisu@unica.it for sector 14/C3 
I have notified t.ghisu@unica.it for sector 01/A1 
I have notified t.ghisu@unica.it for sector 03/A2 
I have notified t.ghisu@unica.it for sector 03/D1 
I have notified t.ghisu@unica.it for sector 05/A1 
I have notified t.ghisu@unica.it for sector 06/E1 
I have notified t.ghisu@unica.it for sector 09/D1 
I have notified t.ghisu@unica.it for sector 13/A2 
I have notified t.ghisu@unica.it for sector 13/A3 
I have notified t.ghisu@unica.it for sector 14/A1 
I have notified t.ghisu@unica.it for sector 14/B1 
I have notified t.ghisu@unica.it for sector 14/C2 
I have notified t.ghisu@unica.it for sector 05/H2 
I have notified t.ghisu@unica.it for sector 05/I2 
I have notified t.ghisu@unica.it for sector 07/B2 
I have notified t.ghisu@unica.it for sector 09/D3 
I have notified t.ghisu@unica.it for sector 01/A3 
I have notified t.ghisu@unica.it for sector 02/B2 
I have notified t.ghisu@unica.it for sector 02/C1 
